build/app/intermediates/manifest_merge_blame_file/debug/manifest-merger-blame-debug-report.txt
1<?xml version="1.0" encoding="utf-8"?>
2<manifest xmlns:android="http://schemas.android.com/apk/res/android"
3    package="com.example.educa"
4    android:versionCode="1"
5    android:versionName="1.0.0" >
6
7    <uses-sdk
8        android:minSdkVersion="21"
9        android:targetSdkVersion="29" />
10    <!--
11         Flutter needs it to communicate with the running application
12         to allow setting breakpoints, to provide hot reload, etc.
13    -->
14    <uses-permission android:name="android.permission.INTERNET" />
14-->src/main/AndroidManifest.xml:51:3-64
14-->src/main/AndroidManifest.xml:51:20-62
15
16    <uses-feature
16-->src/main/AndroidManifest.xml:47:3-49:30
17        android:name="android.hardware.camera"
17-->src/main/AndroidManifest.xml:48:5-43
18        android:required="true" />
18-->src/main/AndroidManifest.xml:49:5-28
19
20    <uses-permission android:name="android.permission.FLASHLIGHT" />
20-->src/main/AndroidManifest.xml:52:3-66
20-->src/main/AndroidManifest.xml:52:20-64
21    <uses-permission android:name="android.permission.CAMERA" />
21-->[:camera] AndroidManifest.xml:7:5-65
21-->[:camera] AndroidManifest.xml:7:22-62
22    <uses-permission android:name="android.permission.RECORD_AUDIO" />
22-->[:camera] AndroidManifest.xml:8:5-71
22-->[:camera] AndroidManifest.xml:8:22-68
23    <uses-permission android:name="android.permission.ACCESS_NETWORK_STATE" />
23-->[com.google.firebase:firebase-auth:20.0.1] AndroidManifest.xml:24:5-79
23-->[com.google.firebase:firebase-auth:20.0.1] AndroidManifest.xml:24:22-76
24    <!--
25 io.flutter.app.FlutterApplication is an android.app.Application that
26         calls FlutterMain.startInitialization(this); in its onCreate method.
27         In most cases you can leave this as-is, but you if you want to provide
28         additional functionality it is fine to subclass or reimplement
29         FlutterApplication and put your custom class here.
30    -->
31    <application
31-->src/main/AndroidManifest.xml:8:5-46:19
32        android:name="io.flutter.app.FlutterApplication"
32-->src/main/AndroidManifest.xml:9:9-57
33        android:appComponentFactory="androidx.core.app.CoreComponentFactory"
33-->[androidx.core:core:1.1.0] AndroidManifest.xml:24:18-86
34        android:debuggable="true"
35        android:icon="@mipmap/ic_launcher"
35-->src/main/AndroidManifest.xml:11:9-43
36        android:label="educa" >
36-->src/main/AndroidManifest.xml:10:9-30
37        <activity
37-->src/main/AndroidManifest.xml:12:9-40:20
38            android:name="com.example.educa.MainActivity"
38-->src/main/AndroidManifest.xml:13:13-41
39            android:configChanges="orientation|keyboardHidden|keyboard|screenSize|smallestScreenSize|locale|layoutDirection|fontScale|screenLayout|density|uiMode"
39-->src/main/AndroidManifest.xml:16:13-163
40            android:hardwareAccelerated="true"
40-->src/main/AndroidManifest.xml:17:13-47
41            android:launchMode="singleTop"
41-->src/main/AndroidManifest.xml:14:13-43
42            android:theme="@style/LaunchTheme"
42-->src/main/AndroidManifest.xml:15:13-47
43            android:windowSoftInputMode="adjustResize" >
43-->src/main/AndroidManifest.xml:18:13-55
44
45            <!--
46                 Specifies an Android theme to apply to this Activity as soon as
47                 the Android process has started. This theme is visible to the user
48                 while the Flutter UI initializes. After that, this theme continues
49                 to determine the Window background behind the Flutter UI.
50            -->
51            <meta-data
51-->src/main/AndroidManifest.xml:23:13-26:17
52                android:name="io.flutter.embedding.android.NormalTheme"
52-->src/main/AndroidManifest.xml:24:15-70
53                android:resource="@style/NormalTheme" />
53-->src/main/AndroidManifest.xml:25:15-52
54            <!--
55                 Displays an Android View that continues showing the launch screen
56                 Drawable until Flutter paints its first frame, then this splash
57                 screen fades out. A splash screen is useful to avoid any visual
58                 gap between the end of Android's launch screen and the painting of
59                 Flutter's first frame.
60            -->
61            <meta-data
61-->src/main/AndroidManifest.xml:32:13-35:17
62                android:name="io.flutter.embedding.android.SplashScreenDrawable"
62-->src/main/AndroidManifest.xml:33:15-79
63                android:resource="@drawable/launch_background" />
63-->src/main/AndroidManifest.xml:34:15-61
64
65            <intent-filter>
65-->src/main/AndroidManifest.xml:36:13-39:29
66                <action android:name="android.intent.action.MAIN" />
66-->src/main/AndroidManifest.xml:37:17-68
66-->src/main/AndroidManifest.xml:37:25-66
67
68                <category android:name="android.intent.category.LAUNCHER" />
68-->src/main/AndroidManifest.xml:38:17-76
68-->src/main/AndroidManifest.xml:38:27-74
69            </intent-filter>
70        </activity>
71        <!--
72             Don't delete the meta-data below.
73             This is used by the Flutter tool to generate GeneratedPluginRegistrant.java
74        -->
75        <meta-data
75-->src/main/AndroidManifest.xml:43:9-45:33
76            android:name="flutterEmbedding"
76-->src/main/AndroidManifest.xml:44:13-44
77            android:value="2" />
77-->src/main/AndroidManifest.xml:45:13-30
78
79        <service
79-->[:firebase_auth] AndroidManifest.xml:8:9-12:19
80            android:name="com.google.firebase.components.ComponentDiscoveryService"
80-->[:firebase_auth] AndroidManifest.xml:8:18-89
81            android:directBootAware="true"
81-->[com.google.firebase:firebase-common:19.5.0] AndroidManifest.xml:35:13-43
82            android:exported="false" >
82-->[com.google.firebase:firebase-auth:20.0.1] AndroidManifest.xml:76:13-37
83            <meta-data
83-->[:firebase_auth] AndroidManifest.xml:9:13-11:85
84                android:name="com.google.firebase.components:io.flutter.plugins.firebase.auth.FlutterFirebaseAuthRegistrar"
84-->[:firebase_auth] AndroidManifest.xml:10:17-124
85                android:value="com.google.firebase.components.ComponentRegistrar" />
85-->[:firebase_auth] AndroidManifest.xml:11:17-82
86            <meta-data
86-->[:cloud_firestore] AndroidManifest.xml:9:13-11:85
87                android:name="com.google.firebase.components:io.flutter.plugins.firebase.firestore.FlutterFirebaseFirestoreRegistrar"
87-->[:cloud_firestore] AndroidManifest.xml:10:17-134
88                android:value="com.google.firebase.components.ComponentRegistrar" />
88-->[:cloud_firestore] AndroidManifest.xml:11:17-82
89            <meta-data
89-->[:firebase_storage] AndroidManifest.xml:9:13-11:85
90                android:name="com.google.firebase.components:io.flutter.plugins.firebase.storage.FlutterFirebaseAppRegistrar"
90-->[:firebase_storage] AndroidManifest.xml:10:17-126
91                android:value="com.google.firebase.components.ComponentRegistrar" />
91-->[:firebase_storage] AndroidManifest.xml:11:17-82
92            <meta-data
92-->[:firebase_core] AndroidManifest.xml:9:13-11:85
93                android:name="com.google.firebase.components:io.flutter.plugins.firebase.core.FlutterFirebaseCoreRegistrar"
93-->[:firebase_core] AndroidManifest.xml:10:17-124
94                android:value="com.google.firebase.components.ComponentRegistrar" />
94-->[:firebase_core] AndroidManifest.xml:11:17-82
95            <meta-data
95-->[com.google.firebase:firebase-auth:20.0.1] AndroidManifest.xml:77:13-79:85
96                android:name="com.google.firebase.components:com.google.firebase.auth.FirebaseAuthRegistrar"
96-->[com.google.firebase:firebase-auth:20.0.1] AndroidManifest.xml:78:17-109
97                android:value="com.google.firebase.components.ComponentRegistrar" />
97-->[com.google.firebase:firebase-auth:20.0.1] AndroidManifest.xml:79:17-82
98            <meta-data
98-->[com.google.firebase:firebase-firestore:22.0.1] AndroidManifest.xml:20:13-22:85
99                android:name="com.google.firebase.components:com.google.firebase.firestore.FirestoreRegistrar"
99-->[com.google.firebase:firebase-firestore:22.0.1] AndroidManifest.xml:21:17-111
100                android:value="com.google.firebase.components.ComponentRegistrar" />
100-->[com.google.firebase:firebase-firestore:22.0.1] AndroidManifest.xml:22:17-82
101            <meta-data
101-->[com.google.firebase:firebase-storage:19.2.1] AndroidManifest.xml:33:13-35:85
102                android:name="com.google.firebase.components:com.google.firebase.storage.StorageRegistrar"
102-->[com.google.firebase:firebase-storage:19.2.1] AndroidManifest.xml:34:17-107
103                android:value="com.google.firebase.components.ComponentRegistrar" />
103-->[com.google.firebase:firebase-storage:19.2.1] AndroidManifest.xml:35:17-82
104            <!--
105                This registrar is not defined in the dynamic-module-support sdk itself to allow non-firebase
106                clients to use it as well, by defining this registrar in their own core/common library.
107            -->
108            <meta-data
108-->[com.google.firebase:firebase-common:19.5.0] AndroidManifest.xml:43:13-45:85
109                android:name="com.google.firebase.components:com.google.firebase.dynamicloading.DynamicLoadingRegistrar"
109-->[com.google.firebase:firebase-common:19.5.0] AndroidManifest.xml:44:17-121
110                android:value="com.google.firebase.components.ComponentRegistrar" />
110-->[com.google.firebase:firebase-common:19.5.0] AndroidManifest.xml:45:17-82
111        </service>
112
113        <activity
113-->[com.google.firebase:firebase-auth:20.0.1] AndroidManifest.xml:27:9-44:20
114            android:name="com.google.firebase.auth.internal.GenericIdpActivity"
114-->[com.google.firebase:firebase-auth:20.0.1] AndroidManifest.xml:28:13-80
115            android:excludeFromRecents="true"
115-->[com.google.firebase:firebase-auth:20.0.1] AndroidManifest.xml:29:13-46
116            android:exported="true"
116-->[com.google.firebase:firebase-auth:20.0.1] AndroidManifest.xml:30:13-36
117            android:launchMode="singleTask"
117-->[com.google.firebase:firebase-auth:20.0.1] AndroidManifest.xml:31:13-44
118            android:theme="@android:style/Theme.Translucent.NoTitleBar" >
118-->[com.google.firebase:firebase-auth:20.0.1] AndroidManifest.xml:32:13-72
119            <intent-filter>
119-->[com.google.firebase:firebase-auth:20.0.1] AndroidManifest.xml:33:13-43:29
120                <action android:name="android.intent.action.VIEW" />
120-->[com.google.firebase:firebase-auth:20.0.1] AndroidManifest.xml:34:17-69
120-->[com.google.firebase:firebase-auth:20.0.1] AndroidManifest.xml:34:25-66
121
122                <category android:name="android.intent.category.DEFAULT" />
122-->[com.google.firebase:firebase-auth:20.0.1] AndroidManifest.xml:36:17-76
122-->[com.google.firebase:firebase-auth:20.0.1] AndroidManifest.xml:36:27-73
123                <category android:name="android.intent.category.BROWSABLE" />
123-->[com.google.firebase:firebase-auth:20.0.1] AndroidManifest.xml:37:17-78
123-->[com.google.firebase:firebase-auth:20.0.1] AndroidManifest.xml:37:27-75
124
125                <data
125-->[com.google.firebase:firebase-auth:20.0.1] AndroidManifest.xml:39:17-42:51
126                    android:host="firebase.auth"
126-->[com.google.firebase:firebase-auth:20.0.1] AndroidManifest.xml:40:21-49
127                    android:path="/"
127-->[com.google.firebase:firebase-auth:20.0.1] AndroidManifest.xml:41:21-37
128                    android:scheme="genericidp" />
128-->[com.google.firebase:firebase-auth:20.0.1] AndroidManifest.xml:42:21-48
129            </intent-filter>
130        </activity>
131        <activity
131-->[com.google.firebase:firebase-auth:20.0.1] AndroidManifest.xml:45:9-62:20
132            android:name="com.google.firebase.auth.internal.RecaptchaActivity"
132-->[com.google.firebase:firebase-auth:20.0.1] AndroidManifest.xml:46:13-79
133            android:excludeFromRecents="true"
133-->[com.google.firebase:firebase-auth:20.0.1] AndroidManifest.xml:47:13-46
134            android:exported="true"
134-->[com.google.firebase:firebase-auth:20.0.1] AndroidManifest.xml:48:13-36
135            android:launchMode="singleTask"
135-->[com.google.firebase:firebase-auth:20.0.1] AndroidManifest.xml:49:13-44
136            android:theme="@android:style/Theme.Translucent.NoTitleBar" >
136-->[com.google.firebase:firebase-auth:20.0.1] AndroidManifest.xml:50:13-72
137            <intent-filter>
137-->[com.google.firebase:firebase-auth:20.0.1] AndroidManifest.xml:51:13-61:29
138                <action android:name="android.intent.action.VIEW" />
138-->[com.google.firebase:firebase-auth:20.0.1] AndroidManifest.xml:34:17-69
138-->[com.google.firebase:firebase-auth:20.0.1] AndroidManifest.xml:34:25-66
139
140                <category android:name="android.intent.category.DEFAULT" />
140-->[com.google.firebase:firebase-auth:20.0.1] AndroidManifest.xml:36:17-76
140-->[com.google.firebase:firebase-auth:20.0.1] AndroidManifest.xml:36:27-73
141                <category android:name="android.intent.category.BROWSABLE" />
141-->[com.google.firebase:firebase-auth:20.0.1] AndroidManifest.xml:37:17-78
141-->[com.google.firebase:firebase-auth:20.0.1] AndroidManifest.xml:37:27-75
142
143                <data
143-->[com.google.firebase:firebase-auth:20.0.1] AndroidManifest.xml:39:17-42:51
144                    android:host="firebase.auth"
144-->[com.google.firebase:firebase-auth:20.0.1] AndroidManifest.xml:40:21-49
145                    android:path="/"
145-->[com.google.firebase:firebase-auth:20.0.1] AndroidManifest.xml:41:21-37
146                    android:scheme="recaptcha" />
146-->[com.google.firebase:firebase-auth:20.0.1] AndroidManifest.xml:42:21-48
147            </intent-filter>
148        </activity>
149
150        <service
150-->[com.google.firebase:firebase-auth:20.0.1] AndroidManifest.xml:64:9-73:19
151            android:name="com.google.firebase.auth.api.fallback.service.FirebaseAuthFallbackService"
151-->[com.google.firebase:firebase-auth:20.0.1] AndroidManifest.xml:65:13-101
152            android:enabled="true"
152-->[com.google.firebase:firebase-auth:20.0.1] AndroidManifest.xml:66:13-35
153            android:exported="false" >
153-->[com.google.firebase:firebase-auth:20.0.1] AndroidManifest.xml:67:13-37
154            <intent-filter>
154-->[com.google.firebase:firebase-auth:20.0.1] AndroidManifest.xml:68:13-72:29
155                <action android:name="com.google.firebase.auth.api.gms.service.START" />
155-->[com.google.firebase:firebase-auth:20.0.1] AndroidManifest.xml:69:17-89
155-->[com.google.firebase:firebase-auth:20.0.1] AndroidManifest.xml:69:25-86
156
157                <category android:name="android.intent.category.DEFAULT" />
157-->[com.google.firebase:firebase-auth:20.0.1] AndroidManifest.xml:36:17-76
157-->[com.google.firebase:firebase-auth:20.0.1] AndroidManifest.xml:36:27-73
158            </intent-filter>
159        </service>
160
161        <activity
161-->[com.google.android.gms:play-services-base:17.1.0] AndroidManifest.xml:23:9-26:75
162            android:name="com.google.android.gms.common.api.GoogleApiActivity"
162-->[com.google.android.gms:play-services-base:17.1.0] AndroidManifest.xml:24:13-79
163            android:exported="false"
163-->[com.google.android.gms:play-services-base:17.1.0] AndroidManifest.xml:25:13-37
164            android:theme="@android:style/Theme.Translucent.NoTitleBar" />
164-->[com.google.android.gms:play-services-base:17.1.0] AndroidManifest.xml:26:13-72
165
166        <provider
166-->[com.google.firebase:firebase-common:19.5.0] AndroidManifest.xml:26:9-31:39
167            android:name="com.google.firebase.provider.FirebaseInitProvider"
167-->[com.google.firebase:firebase-common:19.5.0] AndroidManifest.xml:27:13-77
168            android:authorities="com.example.educa.firebaseinitprovider"
168-->[com.google.firebase:firebase-common:19.5.0] AndroidManifest.xml:28:13-72
169            android:directBootAware="true"
169-->[com.google.firebase:firebase-common:19.5.0] AndroidManifest.xml:29:13-43
170            android:exported="false"
170-->[com.google.firebase:firebase-common:19.5.0] AndroidManifest.xml:30:13-37
171            android:initOrder="100" />
171-->[com.google.firebase:firebase-common:19.5.0] AndroidManifest.xml:31:13-36
172
173        <meta-data
173-->[com.google.android.gms:play-services-basement:17.1.0] AndroidManifest.xml:23:9-25:69
174            android:name="com.google.android.gms.version"
174-->[com.google.android.gms:play-services-basement:17.1.0] AndroidManifest.xml:24:13-58
175            android:value="@integer/google_play_services_version" />
175-->[com.google.android.gms:play-services-basement:17.1.0] AndroidManifest.xml:25:13-66
176    </application>
177
178</manifest>